<?xml version="1.0" encoding="UTF-8"?>
<!-- Generated by org.testng.reporters.JUnitXMLReporter -->
<testsuite hostname="LAPTOP-F7OMCQ2C" ignored="0" name="Test" tests="18" failures="3" timestamp="2019-11-26T17:16:00 IST" time="243.976" errors="0">
  <testcase name="checkwarningmsg" time="9.231" classname="com.qa.test.HomePageTest">
    <failure type="java.lang.AssertionError" message="expected [If you want to be able to fully use the AdminModules panel and have free modules available, you should enable the following configuration on your server
- Enable PHP&amp;apos;s allow_url_fopen setting] but found []">
      <![CDATA[java.lang.AssertionError: expected [If you want to be able to fully use the AdminModules panel and have free modules available, you should enable the following configuration on your server
- Enable PHP's allow_url_fopen setting] but found []
at com.qa.test.HomePageTest.checkwarningmsg(HomePageTest.java:71)
at java.util.ArrayList.forEach(ArrayList.java:1249)
... Removed 36 stack frames]]>
    </failure>
  </testcase> <!-- checkwarningmsg -->
  <testcase name="checkmrktplctitle" time="4.574" classname="com.qa.test.HomePageTest">
    <failure type="java.lang.AssertionError" message="expected [exp] but found [Dashboard • SHOPCART]">
      <![CDATA[java.lang.AssertionError: expected [exp] but found [Dashboard • SHOPCART]
at com.qa.test.HomePageTest.checkmrktplctitle(HomePageTest.java:79)
at java.util.ArrayList.forEach(ArrayList.java:1249)
... Removed 36 stack frames]]>
    </failure>
  </testcase> <!-- checkmrktplctitle -->
  <testcase name="CheckValidLogin" time="0.252" classname="com.qa.test.LoginTest"/>
  <testcase name="CheckTitle" time="0.012" classname="com.qa.test.LoginTest"/>
  <testcase name="validatechecklogoimg" time="0.032" classname="com.qa.test.LoginTest"/>
  <testcase name="Checkinvalidlogin" time="0.273" classname="com.qa.test.LoginTest"/>
  <testcase name="Checkpwderrormsg" time="0.268" classname="com.qa.test.LoginTest"/>
  <testcase name="Checkstayloginbtn" time="0.065" classname="com.qa.test.LoginTest"/>
  <testcase name="validateclickonorder" time="8.835" classname="com.qa.test.OrderTest"/>
  <testcase name="validateclickoninvoices" time="8.165" classname="com.qa.test.OrderTest"/>
  <testcase name="validateclickonmerchandisereturns" time="6.774" classname="com.qa.test.OrderTest"/>
  <testcase name="validateclickondeliveryslips" time="5.511" classname="com.qa.test.OrderTest"/>
  <testcase name="validateclickoncreditslips" time="7.675" classname="com.qa.test.OrderTest"/>
  <testcase name="validateclickonstatuses" time="14.024" classname="com.qa.test.OrderTest"/>
  <testcase name="validateclickonordermsgs" time="14.703" classname="com.qa.test.OrderTest"/>
  <testcase name="validatecreatenewcustomer" time="26.583" classname="com.qa.test.OrderTest"/>
  <testcase name="validatecreatenewcustomer" time="29.87" classname="com.qa.test.OrderTest"/>
  <testcase name="clickonAddCartRules" time="0.0" classname="com.qa.test.PriceruleTest">
    <failure type="java.lang.NullPointerException">
      <![CDATA[java.lang.NullPointerException
at com.qa.test.PriceruleTest.clickonAddCartRules(PriceruleTest.java:69)
at java.util.ArrayList.forEach(ArrayList.java:1249)
... Removed 31 stack frames]]>
    </failure>
  </testcase> <!-- clickonAddCartRules -->
</testsuite> <!-- Test -->
