<?xml version="1.0" encoding="UTF-8"?>
<!-- Generated by org.testng.reporters.JUnitXMLReporter -->
<testsuite hostname="LAPTOP-F7OMCQ2C" ignored="0" name="Test" tests="18" failures="3" timestamp="2019-11-26T14:18:14 IST" time="277.638" errors="0">
  <testcase name="checkwarningmsg" time="15.711" classname="com.qa.test.HomePageTest">
    <failure type="java.lang.AssertionError" message="expected [If you want to be able to fully use the AdminModules panel and have free modules available, you should enable the following configuration on your server
- Enable PHP&amp;apos;s allow_url_fopen setting] but found []">
      <![CDATA[java.lang.AssertionError: expected [If you want to be able to fully use the AdminModules panel and have free modules available, you should enable the following configuration on your server
- Enable PHP's allow_url_fopen setting] but found []
at com.qa.test.HomePageTest.checkwarningmsg(HomePageTest.java:71)
at java.util.ArrayList.forEach(ArrayList.java:1249)
... Removed 36 stack frames]]>
    </failure>
  </testcase> <!-- checkwarningmsg -->
  <testcase name="checkmrktplctitle" time="52.795" classname="com.qa.test.HomePageTest">
    <failure type="org.openqa.selenium.ElementNotVisibleException" message="element not interactable
  (Session info: chrome=78.0.3904.108)
  (Driver info: chromedriver=78.0.3904.70 (edb9c9f3de0247fd912a77b7f6cae7447f6d3ad5-refs/branch-heads/3904@{#800}),platform=Windows NT 10.0.17763 x86_64) (WARNING: The server did not provide any stacktrace information)
Command duration or timeout: 40.11 seconds
Build info: version: &amp;apos;2.52.0&amp;apos;, revision: &amp;apos;4c2593cfc3689a7fcd7be52549167e5ccc93ad28&amp;apos;, time: &amp;apos;2016-02-11 11:22:43&amp;apos;
System info: host: &amp;apos;LAPTOP-F7OMCQ2C&amp;apos;, ip: &amp;apos;172.20.10.5&amp;apos;, os.name: &amp;apos;Windows 8.1&amp;apos;, os.arch: &amp;apos;x86&amp;apos;, os.version: &amp;apos;6.3&amp;apos;, java.version: &amp;apos;1.8.0_45&amp;apos;
Driver info: org.openqa.selenium.chrome.ChromeDriver
Capabilities [{mobileEmulationEnabled=false, timeouts={implicit=0, pageLoad=300000, script=30000}, hasTouchScreen=false, platform=WIN8_1, acceptSslCerts=false, goog:chromeOptions={debuggerAddress=localhost:16502}, acceptInsecureCerts=false, webStorageEnabled=true, browserName=chrome, takesScreenshot=true, javascriptEnabled=true, setWindowRect=true, unexpectedAlertBehaviour=ignore, applicationCacheEnabled=false, rotatable=false, networkConnectionEnabled=false, chrome={chromedriverVersion=78.0.3904.70 (edb9c9f3de0247fd912a77b7f6cae7447f6d3ad5-refs/branch-heads/3904@{#800}), userDataDir=C:\Users\Lenovo\AppData\Local\Temp\scoped_dir21668_388408182}, takesHeapSnapshot=true, pageLoadStrategy=normal, strictFileInteractability=false, databaseEnabled=false, handlesAlerts=true, version=78.0.3904.108, browserConnectionEnabled=false, proxy={}, nativeEvents=true, locationContextEnabled=true, cssSelectorsEnabled=true}]
Session ID: d77c073c898b220dac8a19ce8548dea4">
      <![CDATA[org.openqa.selenium.ElementNotVisibleException: element not interactable
  (Session info: chrome=78.0.3904.108)
  (Driver info: chromedriver=78.0.3904.70 (edb9c9f3de0247fd912a77b7f6cae7447f6d3ad5-refs/branch-heads/3904@{#800}),platform=Windows NT 10.0.17763 x86_64) (WARNING: The server did not provide any stacktrace information)
Command duration or timeout: 40.11 seconds
Build info: version: '2.52.0', revision: '4c2593cfc3689a7fcd7be52549167e5ccc93ad28', time: '2016-02-11 11:22:43'
System info: host: 'LAPTOP-F7OMCQ2C', ip: '172.20.10.5', os.name: 'Windows 8.1', os.arch: 'x86', os.version: '6.3', java.version: '1.8.0_45'
Driver info: org.openqa.selenium.chrome.ChromeDriver
Capabilities [{mobileEmulationEnabled=false, timeouts={implicit=0, pageLoad=300000, script=30000}, hasTouchScreen=false, platform=WIN8_1, acceptSslCerts=false, goog:chromeOptions={debuggerAddress=localhost:16502}, acceptInsecureCerts=false, webStorageEnabled=true, browserName=chrome, takesScreenshot=true, javascriptEnabled=true, setWindowRect=true, unexpectedAlertBehaviour=ignore, applicationCacheEnabled=false, rotatable=false, networkConnectionEnabled=false, chrome={chromedriverVersion=78.0.3904.70 (edb9c9f3de0247fd912a77b7f6cae7447f6d3ad5-refs/branch-heads/3904@{#800}), userDataDir=C:\Users\Lenovo\AppData\Local\Temp\scoped_dir21668_388408182}, takesHeapSnapshot=true, pageLoadStrategy=normal, strictFileInteractability=false, databaseEnabled=false, handlesAlerts=true, version=78.0.3904.108, browserConnectionEnabled=false, proxy={}, nativeEvents=true, locationContextEnabled=true, cssSelectorsEnabled=true}]
Session ID: d77c073c898b220dac8a19ce8548dea4
at org.openqa.selenium.remote.ErrorHandler.createThrowable(ErrorHandler.java:206)
at org.openqa.selenium.remote.ErrorHandler.throwIfResponseFailed(ErrorHandler.java:158)
at org.openqa.selenium.remote.RemoteWebDriver.execute(RemoteWebDriver.java:678)
at org.openqa.selenium.remote.RemoteWebElement.execute(RemoteWebElement.java:327)
at org.openqa.selenium.remote.RemoteWebElement.click(RemoteWebElement.java:85)
at org.openqa.selenium.support.pagefactory.internal.LocatingElementHandler.invoke(LocatingElementHandler.java:51)
at com.sun.proxy.$Proxy7.click(Unknown Source)
at com.qa.pages.HomePage.clickonconn2mrktplc(HomePage.java:121)
at com.qa.test.HomePageTest.checkmrktplctitle(HomePageTest.java:77)
at java.util.ArrayList.forEach(ArrayList.java:1249)
... Removed 39 stack frames]]>
    </failure>
  </testcase> <!-- checkmrktplctitle -->
  <testcase name="CheckValidLogin" time="0.488" classname="com.qa.test.LoginTest"/>
  <testcase name="CheckTitle" time="0.034" classname="com.qa.test.LoginTest"/>
  <testcase name="validatechecklogoimg" time="0.108" classname="com.qa.test.LoginTest"/>
  <testcase name="Checkinvalidlogin" time="0.706" classname="com.qa.test.LoginTest"/>
  <testcase name="Checkpwderrormsg" time="0.976" classname="com.qa.test.LoginTest"/>
  <testcase name="Checkstayloginbtn" time="0.113" classname="com.qa.test.LoginTest"/>
  <testcase name="validateclickonorder" time="10.586" classname="com.qa.test.OrderTest"/>
  <testcase name="validateclickoninvoices" time="6.938" classname="com.qa.test.OrderTest"/>
  <testcase name="validateclickonmerchandisereturns" time="5.371" classname="com.qa.test.OrderTest"/>
  <testcase name="validateclickondeliveryslips" time="5.478" classname="com.qa.test.OrderTest"/>
  <testcase name="validateclickoncreditslips" time="5.216" classname="com.qa.test.OrderTest"/>
  <testcase name="validateclickonstatuses" time="9.312" classname="com.qa.test.OrderTest"/>
  <testcase name="validateclickonordermsgs" time="5.927" classname="com.qa.test.OrderTest"/>
  <testcase name="validatecreatenewcustomer" time="10.513" classname="com.qa.test.OrderTest"/>
  <testcase name="validatecreatenewcustomer" time="7.407" classname="com.qa.test.OrderTest"/>
  <testcase name="clickonAddCartRules" time="0.003" classname="com.qa.test.PriceruleTest">
    <failure type="java.lang.NullPointerException">
      <![CDATA[java.lang.NullPointerException
at com.qa.test.PriceruleTest.clickonAddCartRules(PriceruleTest.java:69)
at java.util.ArrayList.forEach(ArrayList.java:1249)
... Removed 31 stack frames]]>
    </failure>
  </testcase> <!-- clickonAddCartRules -->
</testsuite> <!-- Test -->
