<?xml version="1.0" encoding="UTF-8"?>
<testsuite xmlns:xsi="http://www.w3.org/2001/XMLSchema-instance" xsi:schemaLocation="https://maven.apache.org/surefire/maven-surefire-plugin/xsd/surefire-test-report.xsd" name="TestSuite" time="278.492" tests="18" errors="0" skipped="0" failures="3">
  <properties>
[...]
</properties>
  <testcase name="checkwarningmsg" classname="com.qa.test.HomePageTest" time="15.722">
    <failure message="expected [If you want to be able to fully use the AdminModules panel and have free modules available, you should enable the following configuration on your server&#10;- Enable PHP&apos;s allow_url_fopen setting] but found []" type="java.lang.AssertionError">java.lang.AssertionError: 
expected [If you want to be able to fully use the AdminModules panel and have free modules available, you should enable the following configuration on your server
- Enable PHP's allow_url_fopen setting] but found []
	at com.qa.test.HomePageTest.checkwarningmsg(HomePageTest.java:71)
</failure>
    <system-out><![CDATA[Test startedcheckwarningmsg
Test startedTue Nov 26 14:13:51 IST 2019
Test failurecheckwarningmsg
Test failureTue Nov 26 14:14:07 IST 2019
]]></system-out>
    <system-err><![CDATA[log4j:ERROR Could not find value for key log4j.appender.debug
log4j:ERROR Could not instantiate appender named "debug".
Starting ChromeDriver 78.0.3904.70 (edb9c9f3de0247fd912a77b7f6cae7447f6d3ad5-refs/branch-heads/3904@{#800}) on port 45577
Only local connections are allowed.
Please protect ports used by ChromeDriver and related test frameworks to prevent access by malicious code.
]]></system-err>
  </testcase>
  <testcase name="checkmrktplctitle" classname="com.qa.test.HomePageTest" time="52.81">
    <failure message="element not interactable&#10;  (Session info: chrome=78.0.3904.108)&#10;  (Driver info: chromedriver=78.0.3904.70 (edb9c9f3de0247fd912a77b7f6cae7447f6d3ad5-refs/branch-heads/3904@{#800}),platform=Windows NT 10.0.17763 x86_64) (WARNING: The server did not provide any stacktrace information)&#10;Command duration or timeout: 40.11 seconds&#10;Build info: version: &apos;2.52.0&apos;, revision: &apos;4c2593cfc3689a7fcd7be52549167e5ccc93ad28&apos;, time: &apos;2016-02-11 11:22:43&apos;&#10;System info: host: &apos;LAPTOP-F7OMCQ2C&apos;, ip: &apos;172.20.10.5&apos;, os.name: &apos;Windows 8.1&apos;, os.arch: &apos;x86&apos;, os.version: &apos;6.3&apos;, java.version: &apos;1.8.0_45&apos;&#10;Driver info: org.openqa.selenium.chrome.ChromeDriver&#10;Capabilities [{mobileEmulationEnabled=false, timeouts={implicit=0, pageLoad=300000, script=30000}, hasTouchScreen=false, platform=WIN8_1, acceptSslCerts=false, goog:chromeOptions={debuggerAddress=localhost:16502}, acceptInsecureCerts=false, webStorageEnabled=true, browserName=chrome, takesScreenshot=true, javascriptEnabled=true, setWindowRect=true, unexpectedAlertBehaviour=ignore, applicationCacheEnabled=false, rotatable=false, networkConnectionEnabled=false, chrome={chromedriverVersion=78.0.3904.70 (edb9c9f3de0247fd912a77b7f6cae7447f6d3ad5-refs/branch-heads/3904@{#800}), userDataDir=C:\Users\Lenovo\AppData\Local\Temp\scoped_dir21668_388408182}, takesHeapSnapshot=true, pageLoadStrategy=normal, strictFileInteractability=false, databaseEnabled=false, handlesAlerts=true, version=78.0.3904.108, browserConnectionEnabled=false, proxy={}, nativeEvents=true, locationContextEnabled=true, cssSelectorsEnabled=true}]&#10;Session ID: d77c073c898b220dac8a19ce8548dea4" type="org.openqa.selenium.ElementNotVisibleException">org.openqa.selenium.ElementNotVisibleException: 
element not interactable
  (Session info: chrome=78.0.3904.108)
  (Driver info: chromedriver=78.0.3904.70 (edb9c9f3de0247fd912a77b7f6cae7447f6d3ad5-refs/branch-heads/3904@{#800}),platform=Windows NT 10.0.17763 x86_64) (WARNING: The server did not provide any stacktrace information)
Command duration or timeout: 40.11 seconds
Build info: version: '2.52.0', revision: '4c2593cfc3689a7fcd7be52549167e5ccc93ad28', time: '2016-02-11 11:22:43'
System info: host: 'LAPTOP-F7OMCQ2C', ip: '172.20.10.5', os.name: 'Windows 8.1', os.arch: 'x86', os.version: '6.3', java.version: '1.8.0_45'
Driver info: org.openqa.selenium.chrome.ChromeDriver
Capabilities [{mobileEmulationEnabled=false, timeouts={implicit=0, pageLoad=300000, script=30000}, hasTouchScreen=false, platform=WIN8_1, acceptSslCerts=false, goog:chromeOptions={debuggerAddress=localhost:16502}, acceptInsecureCerts=false, webStorageEnabled=true, browserName=chrome, takesScreenshot=true, javascriptEnabled=true, setWindowRect=true, unexpectedAlertBehaviour=ignore, applicationCacheEnabled=false, rotatable=false, networkConnectionEnabled=false, chrome={chromedriverVersion=78.0.3904.70 (edb9c9f3de0247fd912a77b7f6cae7447f6d3ad5-refs/branch-heads/3904@{#800}), userDataDir=C:\Users\Lenovo\AppData\Local\Temp\scoped_dir21668_388408182}, takesHeapSnapshot=true, pageLoadStrategy=normal, strictFileInteractability=false, databaseEnabled=false, handlesAlerts=true, version=78.0.3904.108, browserConnectionEnabled=false, proxy={}, nativeEvents=true, locationContextEnabled=true, cssSelectorsEnabled=true}]
Session ID: d77c073c898b220dac8a19ce8548dea4
	at com.qa.test.HomePageTest.checkmrktplctitle(HomePageTest.java:77)
</failure>
    <system-out><![CDATA[Test startedcheckmrktplctitle
Test startedTue Nov 26 14:14:21 IST 2019
Test failurecheckmrktplctitle
Test failureTue Nov 26 14:15:14 IST 2019
]]></system-out>
    <system-err><![CDATA[Starting ChromeDriver 78.0.3904.70 (edb9c9f3de0247fd912a77b7f6cae7447f6d3ad5-refs/branch-heads/3904@{#800}) on port 38270
Only local connections are allowed.
Please protect ports used by ChromeDriver and related test frameworks to prevent access by malicious code.
]]></system-err>
  </testcase>
  <testcase name="CheckValidLogin" classname="com.qa.test.LoginTest" time="0.486"/>
  <testcase name="CheckTitle" classname="com.qa.test.LoginTest" time="0.034"/>
  <testcase name="validatechecklogoimg" classname="com.qa.test.LoginTest" time="0.107"/>
  <testcase name="Checkinvalidlogin" classname="com.qa.test.LoginTest" time="0.705"/>
  <testcase name="Checkpwderrormsg" classname="com.qa.test.LoginTest" time="0.973"/>
  <testcase name="Checkstayloginbtn" classname="com.qa.test.LoginTest" time="0.113"/>
  <testcase name="validateclickonorder" classname="com.qa.test.OrderTest" time="10.586"/>
  <testcase name="validateclickoninvoices" classname="com.qa.test.OrderTest" time="6.938"/>
  <testcase name="validateclickonmerchandisereturns" classname="com.qa.test.OrderTest" time="5.371"/>
  <testcase name="validateclickondeliveryslips" classname="com.qa.test.OrderTest" time="5.478"/>
  <testcase name="validateclickoncreditslips" classname="com.qa.test.OrderTest" time="5.216"/>
  <testcase name="validateclickonstatuses" classname="com.qa.test.OrderTest" time="9.312"/>
  <testcase name="validateclickonordermsgs" classname="com.qa.test.OrderTest" time="5.927"/>
  <testcase name="validatecreatenewcustomer" classname="com.qa.test.OrderTest" time="10.514"/>
  <testcase name="validatecreatenewcustomer" classname="com.qa.test.OrderTest" time="7.403"/>
  <testcase name="clickonAddCartRules" classname="com.qa.test.PriceruleTest" time="0.004">
    <failure type="java.lang.NullPointerException">java.lang.NullPointerException
	at com.qa.test.PriceruleTest.clickonAddCartRules(PriceruleTest.java:69)
</failure>
    <system-out><![CDATA[Test startedclickonAddCartRules
Test startedTue Nov 26 14:18:14 IST 2019
Test failureclickonAddCartRules
Test failureTue Nov 26 14:18:14 IST 2019
]]></system-out>
    <system-err><![CDATA[Starting ChromeDriver 78.0.3904.70 (edb9c9f3de0247fd912a77b7f6cae7447f6d3ad5-refs/branch-heads/3904@{#800}) on port 35819
Only local connections are allowed.
Please protect ports used by ChromeDriver and related test frameworks to prevent access by malicious code.
]]></system-err>
  </testcase>
</testsuite>