<?xml version="1.0" encoding="UTF-8"?>
<testng-results skipped="0" failed="3" ignored="0" total="18" passed="15">
  <reporter-output>
  </reporter-output>
  <suite name="Suite" duration-ms="243976" started-at="2019-11-26T17:11:56 IST" finished-at="2019-11-26T17:16:00 IST">
    <groups>
    </groups>
    <test name="Test" duration-ms="243976" started-at="2019-11-26T17:11:56 IST" finished-at="2019-11-26T17:16:00 IST">
      <class name="com.qa.test.OrderTest">
        <test-method status="PASS" signature="setup()[pri:0, instance:com.qa.test.OrderTest@1a50a4c]" name="setup" is-config="true" duration-ms="5495" started-at="2019-11-26T17:12:55 IST" finished-at="2019-11-26T17:13:01 IST">
          <reporter-output>
          </reporter-output>
        </test-method> <!-- setup -->
        <test-method status="PASS" signature="validateclickonorder()[pri:1, instance:com.qa.test.OrderTest@1a50a4c]" name="validateclickonorder" duration-ms="8835" started-at="2019-11-26T17:13:01 IST" finished-at="2019-11-26T17:13:10 IST">
          <reporter-output>
          </reporter-output>
        </test-method> <!-- validateclickonorder -->
        <test-method status="PASS" signature="teardown()[pri:0, instance:com.qa.test.OrderTest@1a50a4c]" name="teardown" is-config="true" duration-ms="62" started-at="2019-11-26T17:13:10 IST" finished-at="2019-11-26T17:13:10 IST">
          <reporter-output>
          </reporter-output>
        </test-method> <!-- teardown -->
        <test-method status="PASS" signature="setup()[pri:0, instance:com.qa.test.OrderTest@1a50a4c]" name="setup" is-config="true" duration-ms="4971" started-at="2019-11-26T17:13:10 IST" finished-at="2019-11-26T17:13:15 IST">
          <reporter-output>
          </reporter-output>
        </test-method> <!-- setup -->
        <test-method status="PASS" signature="validateclickoninvoices()[pri:2, instance:com.qa.test.OrderTest@1a50a4c]" name="validateclickoninvoices" duration-ms="8165" started-at="2019-11-26T17:13:15 IST" finished-at="2019-11-26T17:13:23 IST">
          <reporter-output>
          </reporter-output>
        </test-method> <!-- validateclickoninvoices -->
        <test-method status="PASS" signature="teardown()[pri:0, instance:com.qa.test.OrderTest@1a50a4c]" name="teardown" is-config="true" duration-ms="56" started-at="2019-11-26T17:13:23 IST" finished-at="2019-11-26T17:13:23 IST">
          <reporter-output>
          </reporter-output>
        </test-method> <!-- teardown -->
        <test-method status="PASS" signature="setup()[pri:0, instance:com.qa.test.OrderTest@1a50a4c]" name="setup" is-config="true" duration-ms="4966" started-at="2019-11-26T17:13:23 IST" finished-at="2019-11-26T17:13:28 IST">
          <reporter-output>
          </reporter-output>
        </test-method> <!-- setup -->
        <test-method status="PASS" signature="validateclickonmerchandisereturns()[pri:3, instance:com.qa.test.OrderTest@1a50a4c]" name="validateclickonmerchandisereturns" duration-ms="6774" started-at="2019-11-26T17:13:28 IST" finished-at="2019-11-26T17:13:35 IST">
          <reporter-output>
          </reporter-output>
        </test-method> <!-- validateclickonmerchandisereturns -->
        <test-method status="PASS" signature="teardown()[pri:0, instance:com.qa.test.OrderTest@1a50a4c]" name="teardown" is-config="true" duration-ms="73" started-at="2019-11-26T17:13:35 IST" finished-at="2019-11-26T17:13:35 IST">
          <reporter-output>
          </reporter-output>
        </test-method> <!-- teardown -->
        <test-method status="PASS" signature="setup()[pri:0, instance:com.qa.test.OrderTest@1a50a4c]" name="setup" is-config="true" duration-ms="5589" started-at="2019-11-26T17:13:35 IST" finished-at="2019-11-26T17:13:40 IST">
          <reporter-output>
          </reporter-output>
        </test-method> <!-- setup -->
        <test-method status="PASS" signature="validateclickondeliveryslips()[pri:4, instance:com.qa.test.OrderTest@1a50a4c]" name="validateclickondeliveryslips" duration-ms="5511" started-at="2019-11-26T17:13:40 IST" finished-at="2019-11-26T17:13:46 IST">
          <reporter-output>
          </reporter-output>
        </test-method> <!-- validateclickondeliveryslips -->
        <test-method status="PASS" signature="teardown()[pri:0, instance:com.qa.test.OrderTest@1a50a4c]" name="teardown" is-config="true" duration-ms="57" started-at="2019-11-26T17:13:46 IST" finished-at="2019-11-26T17:13:46 IST">
          <reporter-output>
          </reporter-output>
        </test-method> <!-- teardown -->
        <test-method status="PASS" signature="setup()[pri:0, instance:com.qa.test.OrderTest@1a50a4c]" name="setup" is-config="true" duration-ms="4938" started-at="2019-11-26T17:13:46 IST" finished-at="2019-11-26T17:13:51 IST">
          <reporter-output>
          </reporter-output>
        </test-method> <!-- setup -->
        <test-method status="PASS" signature="validateclickoncreditslips()[pri:5, instance:com.qa.test.OrderTest@1a50a4c]" name="validateclickoncreditslips" duration-ms="7675" started-at="2019-11-26T17:13:51 IST" finished-at="2019-11-26T17:13:59 IST">
          <reporter-output>
          </reporter-output>
        </test-method> <!-- validateclickoncreditslips -->
        <test-method status="PASS" signature="teardown()[pri:0, instance:com.qa.test.OrderTest@1a50a4c]" name="teardown" is-config="true" duration-ms="52" started-at="2019-11-26T17:13:59 IST" finished-at="2019-11-26T17:13:59 IST">
          <reporter-output>
          </reporter-output>
        </test-method> <!-- teardown -->
        <test-method status="PASS" signature="setup()[pri:0, instance:com.qa.test.OrderTest@1a50a4c]" name="setup" is-config="true" duration-ms="5910" started-at="2019-11-26T17:13:59 IST" finished-at="2019-11-26T17:14:04 IST">
          <reporter-output>
          </reporter-output>
        </test-method> <!-- setup -->
        <test-method status="PASS" signature="validateclickonstatuses()[pri:6, instance:com.qa.test.OrderTest@1a50a4c]" name="validateclickonstatuses" duration-ms="14024" started-at="2019-11-26T17:14:04 IST" finished-at="2019-11-26T17:14:18 IST">
          <reporter-output>
          </reporter-output>
        </test-method> <!-- validateclickonstatuses -->
        <test-method status="PASS" signature="teardown()[pri:0, instance:com.qa.test.OrderTest@1a50a4c]" name="teardown" is-config="true" duration-ms="56" started-at="2019-11-26T17:14:18 IST" finished-at="2019-11-26T17:14:19 IST">
          <reporter-output>
          </reporter-output>
        </test-method> <!-- teardown -->
        <test-method status="PASS" signature="setup()[pri:0, instance:com.qa.test.OrderTest@1a50a4c]" name="setup" is-config="true" duration-ms="5562" started-at="2019-11-26T17:14:19 IST" finished-at="2019-11-26T17:14:24 IST">
          <reporter-output>
          </reporter-output>
        </test-method> <!-- setup -->
        <test-method status="PASS" signature="validateclickonordermsgs()[pri:7, instance:com.qa.test.OrderTest@1a50a4c]" name="validateclickonordermsgs" duration-ms="14703" started-at="2019-11-26T17:14:24 IST" finished-at="2019-11-26T17:14:39 IST">
          <reporter-output>
          </reporter-output>
        </test-method> <!-- validateclickonordermsgs -->
        <test-method status="PASS" signature="teardown()[pri:0, instance:com.qa.test.OrderTest@1a50a4c]" name="teardown" is-config="true" duration-ms="55" started-at="2019-11-26T17:14:39 IST" finished-at="2019-11-26T17:14:39 IST">
          <reporter-output>
          </reporter-output>
        </test-method> <!-- teardown -->
        <test-method status="PASS" signature="setup()[pri:0, instance:com.qa.test.OrderTest@1a50a4c]" name="setup" is-config="true" duration-ms="6475" started-at="2019-11-26T17:14:39 IST" finished-at="2019-11-26T17:14:46 IST">
          <reporter-output>
          </reporter-output>
        </test-method> <!-- setup -->
        <test-method status="PASS" signature="validatecreatenewcustomer(java.lang.String, java.lang.String)[pri:7, instance:com.qa.test.OrderTest@1a50a4c]" name="validatecreatenewcustomer" duration-ms="26583" started-at="2019-11-26T17:14:46 IST" data-provider="gettestdata" finished-at="2019-11-26T17:15:12 IST">
          <params>
            <param index="0">
              <value>
                <![CDATA[Queen]]>
              </value>
            </param>
            <param index="1">
              <value>
                <![CDATA[Peter]]>
              </value>
            </param>
          </params>
          <reporter-output>
          </reporter-output>
        </test-method> <!-- validatecreatenewcustomer -->
        <test-method status="PASS" signature="teardown()[pri:0, instance:com.qa.test.OrderTest@1a50a4c]" name="teardown" is-config="true" duration-ms="58" started-at="2019-11-26T17:15:12 IST" finished-at="2019-11-26T17:15:12 IST">
          <reporter-output>
          </reporter-output>
        </test-method> <!-- teardown -->
        <test-method status="PASS" signature="setup()[pri:0, instance:com.qa.test.OrderTest@1a50a4c]" name="setup" is-config="true" duration-ms="7455" started-at="2019-11-26T17:15:12 IST" finished-at="2019-11-26T17:15:20 IST">
          <reporter-output>
          </reporter-output>
        </test-method> <!-- setup -->
        <test-method status="PASS" signature="validatecreatenewcustomer(java.lang.String, java.lang.String)[pri:7, instance:com.qa.test.OrderTest@1a50a4c]" name="validatecreatenewcustomer" duration-ms="29870" started-at="2019-11-26T17:15:20 IST" data-provider="gettestdata" finished-at="2019-11-26T17:15:50 IST">
          <params>
            <param index="0">
              <value>
                <![CDATA[David]]>
              </value>
            </param>
            <param index="1">
              <value>
                <![CDATA[Cris]]>
              </value>
            </param>
          </params>
          <reporter-output>
          </reporter-output>
        </test-method> <!-- validatecreatenewcustomer -->
        <test-method status="PASS" signature="teardown()[pri:0, instance:com.qa.test.OrderTest@1a50a4c]" name="teardown" is-config="true" duration-ms="114" started-at="2019-11-26T17:15:50 IST" finished-at="2019-11-26T17:15:50 IST">
          <reporter-output>
          </reporter-output>
        </test-method> <!-- teardown -->
      </class> <!-- com.qa.test.OrderTest -->
      <class name="com.qa.test.LoginTest">
        <test-method status="PASS" signature="setup()[pri:0, instance:com.qa.test.LoginTest@1e3708]" name="setup" is-config="true" duration-ms="5225" started-at="2019-11-26T17:12:25 IST" finished-at="2019-11-26T17:12:30 IST">
          <reporter-output>
          </reporter-output>
        </test-method> <!-- setup -->
        <test-method status="PASS" signature="CheckValidLogin()[pri:1, instance:com.qa.test.LoginTest@1e3708]" name="CheckValidLogin" duration-ms="252" started-at="2019-11-26T17:12:30 IST" finished-at="2019-11-26T17:12:30 IST">
          <reporter-output>
          </reporter-output>
        </test-method> <!-- CheckValidLogin -->
        <test-method status="PASS" signature="teardown()[pri:0, instance:com.qa.test.LoginTest@1e3708]" name="teardown" is-config="true" duration-ms="50" started-at="2019-11-26T17:12:30 IST" finished-at="2019-11-26T17:12:30 IST">
          <reporter-output>
          </reporter-output>
        </test-method> <!-- teardown -->
        <test-method status="PASS" signature="setup()[pri:0, instance:com.qa.test.LoginTest@1e3708]" name="setup" is-config="true" duration-ms="5199" started-at="2019-11-26T17:12:30 IST" finished-at="2019-11-26T17:12:35 IST">
          <reporter-output>
          </reporter-output>
        </test-method> <!-- setup -->
        <test-method status="PASS" signature="CheckTitle()[pri:2, instance:com.qa.test.LoginTest@1e3708]" name="CheckTitle" duration-ms="12" started-at="2019-11-26T17:12:35 IST" finished-at="2019-11-26T17:12:35 IST">
          <reporter-output>
          </reporter-output>
        </test-method> <!-- CheckTitle -->
        <test-method status="PASS" signature="teardown()[pri:0, instance:com.qa.test.LoginTest@1e3708]" name="teardown" is-config="true" duration-ms="48" started-at="2019-11-26T17:12:35 IST" finished-at="2019-11-26T17:12:35 IST">
          <reporter-output>
          </reporter-output>
        </test-method> <!-- teardown -->
        <test-method status="PASS" signature="setup()[pri:0, instance:com.qa.test.LoginTest@1e3708]" name="setup" is-config="true" duration-ms="4469" started-at="2019-11-26T17:12:35 IST" finished-at="2019-11-26T17:12:40 IST">
          <reporter-output>
          </reporter-output>
        </test-method> <!-- setup -->
        <test-method status="PASS" signature="validatechecklogoimg()[pri:3, instance:com.qa.test.LoginTest@1e3708]" name="validatechecklogoimg" duration-ms="32" started-at="2019-11-26T17:12:40 IST" finished-at="2019-11-26T17:12:40 IST">
          <reporter-output>
          </reporter-output>
        </test-method> <!-- validatechecklogoimg -->
        <test-method status="PASS" signature="teardown()[pri:0, instance:com.qa.test.LoginTest@1e3708]" name="teardown" is-config="true" duration-ms="47" started-at="2019-11-26T17:12:40 IST" finished-at="2019-11-26T17:12:40 IST">
          <reporter-output>
          </reporter-output>
        </test-method> <!-- teardown -->
        <test-method status="PASS" signature="setup()[pri:0, instance:com.qa.test.LoginTest@1e3708]" name="setup" is-config="true" duration-ms="4695" started-at="2019-11-26T17:12:40 IST" finished-at="2019-11-26T17:12:45 IST">
          <reporter-output>
          </reporter-output>
        </test-method> <!-- setup -->
        <test-method status="PASS" signature="Checkinvalidlogin()[pri:4, instance:com.qa.test.LoginTest@1e3708]" name="Checkinvalidlogin" duration-ms="273" started-at="2019-11-26T17:12:45 IST" finished-at="2019-11-26T17:12:45 IST">
          <reporter-output>
          </reporter-output>
        </test-method> <!-- Checkinvalidlogin -->
        <test-method status="PASS" signature="teardown()[pri:0, instance:com.qa.test.LoginTest@1e3708]" name="teardown" is-config="true" duration-ms="53" started-at="2019-11-26T17:12:45 IST" finished-at="2019-11-26T17:12:45 IST">
          <reporter-output>
          </reporter-output>
        </test-method> <!-- teardown -->
        <test-method status="PASS" signature="setup()[pri:0, instance:com.qa.test.LoginTest@1e3708]" name="setup" is-config="true" duration-ms="4831" started-at="2019-11-26T17:12:45 IST" finished-at="2019-11-26T17:12:50 IST">
          <reporter-output>
          </reporter-output>
        </test-method> <!-- setup -->
        <test-method status="PASS" signature="Checkpwderrormsg()[pri:5, instance:com.qa.test.LoginTest@1e3708]" name="Checkpwderrormsg" duration-ms="268" started-at="2019-11-26T17:12:50 IST" finished-at="2019-11-26T17:12:50 IST">
          <reporter-output>
          </reporter-output>
        </test-method> <!-- Checkpwderrormsg -->
        <test-method status="PASS" signature="teardown()[pri:0, instance:com.qa.test.LoginTest@1e3708]" name="teardown" is-config="true" duration-ms="52" started-at="2019-11-26T17:12:50 IST" finished-at="2019-11-26T17:12:50 IST">
          <reporter-output>
          </reporter-output>
        </test-method> <!-- teardown -->
        <test-method status="PASS" signature="setup()[pri:0, instance:com.qa.test.LoginTest@1e3708]" name="setup" is-config="true" duration-ms="5176" started-at="2019-11-26T17:12:50 IST" finished-at="2019-11-26T17:12:55 IST">
          <reporter-output>
          </reporter-output>
        </test-method> <!-- setup -->
        <test-method status="PASS" signature="Checkstayloginbtn()[pri:6, instance:com.qa.test.LoginTest@1e3708]" name="Checkstayloginbtn" duration-ms="65" started-at="2019-11-26T17:12:55 IST" finished-at="2019-11-26T17:12:55 IST">
          <reporter-output>
          </reporter-output>
        </test-method> <!-- Checkstayloginbtn -->
        <test-method status="PASS" signature="teardown()[pri:0, instance:com.qa.test.LoginTest@1e3708]" name="teardown" is-config="true" duration-ms="46" started-at="2019-11-26T17:12:55 IST" finished-at="2019-11-26T17:12:55 IST">
          <reporter-output>
          </reporter-output>
        </test-method> <!-- teardown -->
      </class> <!-- com.qa.test.LoginTest -->
      <class name="com.qa.test.HomePageTest">
        <test-method status="PASS" signature="setup()[pri:0, instance:com.qa.test.HomePageTest@ceda24]" name="setup" is-config="true" duration-ms="6034" started-at="2019-11-26T17:11:57 IST" finished-at="2019-11-26T17:12:03 IST">
          <reporter-output>
          </reporter-output>
        </test-method> <!-- setup -->
        <test-method status="FAIL" signature="checkwarningmsg()[pri:8, instance:com.qa.test.HomePageTest@ceda24]" name="checkwarningmsg" duration-ms="9231" started-at="2019-11-26T17:12:03 IST" finished-at="2019-11-26T17:12:12 IST">
          <exception class="java.lang.AssertionError">
            <message>
              <![CDATA[expected [If you want to be able to fully use the AdminModules panel and have free modules available, you should enable the following configuration on your server
- Enable PHP's allow_url_fopen setting] but found []]]>
            </message>
            <full-stacktrace>
              <![CDATA[java.lang.AssertionError: expected [If you want to be able to fully use the AdminModules panel and have free modules available, you should enable the following configuration on your server
- Enable PHP's allow_url_fopen setting] but found []
at org.testng.Assert.fail(Assert.java:97)
at org.testng.Assert.assertEqualsImpl(Assert.java:136)
at org.testng.Assert.assertEquals(Assert.java:118)
at org.testng.Assert.assertEquals(Assert.java:575)
at org.testng.Assert.assertEquals(Assert.java:585)
at com.qa.test.HomePageTest.checkwarningmsg(HomePageTest.java:71)
at sun.reflect.NativeMethodAccessorImpl.invoke0(Native Method)
at sun.reflect.NativeMethodAccessorImpl.invoke(NativeMethodAccessorImpl.java:62)
at sun.reflect.DelegatingMethodAccessorImpl.invoke(DelegatingMethodAccessorImpl.java:43)
at java.lang.reflect.Method.invoke(Method.java:497)
at org.testng.internal.MethodInvocationHelper.invokeMethod(MethodInvocationHelper.java:133)
at org.testng.internal.TestInvoker.invokeMethod(TestInvoker.java:584)
at org.testng.internal.TestInvoker.invokeTestMethod(TestInvoker.java:172)
at org.testng.internal.MethodRunner.runInSequence(MethodRunner.java:46)
at org.testng.internal.TestInvoker$MethodInvocationAgent.invoke(TestInvoker.java:804)
at org.testng.internal.TestInvoker.invokeTestMethods(TestInvoker.java:145)
at org.testng.internal.TestMethodWorker.invokeTestMethods(TestMethodWorker.java:146)
at org.testng.internal.TestMethodWorker.run(TestMethodWorker.java:128)
at org.testng.TestRunner$$Lambda$46/23743852.accept(Unknown Source)
at java.util.ArrayList.forEach(ArrayList.java:1249)
at org.testng.TestRunner.privateRun(TestRunner.java:770)
at org.testng.TestRunner.run(TestRunner.java:591)
at org.testng.SuiteRunner.runTest(SuiteRunner.java:402)
at org.testng.SuiteRunner.runSequentially(SuiteRunner.java:396)
at org.testng.SuiteRunner.privateRun(SuiteRunner.java:355)
at org.testng.SuiteRunner.run(SuiteRunner.java:304)
at org.testng.SuiteRunnerWorker.runSuite(SuiteRunnerWorker.java:53)
at org.testng.SuiteRunnerWorker.run(SuiteRunnerWorker.java:96)
at org.testng.TestNG.runSuitesSequentially(TestNG.java:1180)
at org.testng.TestNG.runSuitesLocally(TestNG.java:1102)
at org.testng.TestNG.runSuites(TestNG.java:1032)
at org.testng.TestNG.run(TestNG.java:1000)
at org.apache.maven.surefire.testng.TestNGExecutor.run(TestNGExecutor.java:282)
at org.apache.maven.surefire.testng.TestNGXmlTestSuite.execute(TestNGXmlTestSuite.java:83)
at org.apache.maven.surefire.testng.TestNGProvider.invoke(TestNGProvider.java:114)
at org.apache.maven.surefire.booter.ForkedBooter.invokeProviderInSameClassLoader(ForkedBooter.java:286)
at org.apache.maven.surefire.booter.ForkedBooter.runSuitesInProcess(ForkedBooter.java:240)
at org.apache.maven.surefire.booter.ForkedBooter.main(ForkedBooter.java:121)
]]>
            </full-stacktrace>
          </exception> <!-- java.lang.AssertionError -->
          <reporter-output>
          </reporter-output>
        </test-method> <!-- checkwarningmsg -->
        <test-method status="PASS" signature="teardown(org.testng.ITestResult)[pri:0, instance:com.qa.test.HomePageTest@ceda24]" name="teardown" is-config="true" duration-ms="2935" started-at="2019-11-26T17:12:12 IST" finished-at="2019-11-26T17:12:15 IST">
          <params>
            <param index="0">
              <value>
                <![CDATA[[TestResult name=checkwarningmsg status=FAILURE method=HomePageTest.checkwarningmsg()[pri:8, instance:com.qa.test.HomePageTest@ceda24] output={null}]]]>
              </value>
            </param>
          </params>
          <reporter-output>
          </reporter-output>
        </test-method> <!-- teardown -->
        <test-method status="PASS" signature="setup()[pri:0, instance:com.qa.test.HomePageTest@ceda24]" name="setup" is-config="true" duration-ms="4693" started-at="2019-11-26T17:12:15 IST" finished-at="2019-11-26T17:12:19 IST">
          <reporter-output>
          </reporter-output>
        </test-method> <!-- setup -->
        <test-method status="FAIL" signature="checkmrktplctitle()[pri:9, instance:com.qa.test.HomePageTest@ceda24]" name="checkmrktplctitle" duration-ms="4574" started-at="2019-11-26T17:12:19 IST" finished-at="2019-11-26T17:12:24 IST">
          <exception class="java.lang.AssertionError">
            <message>
              <![CDATA[expected [exp] but found [Dashboard • SHOPCART]]]>
            </message>
            <full-stacktrace>
              <![CDATA[java.lang.AssertionError: expected [exp] but found [Dashboard • SHOPCART]
at org.testng.Assert.fail(Assert.java:97)
at org.testng.Assert.assertEqualsImpl(Assert.java:136)
at org.testng.Assert.assertEquals(Assert.java:118)
at org.testng.Assert.assertEquals(Assert.java:575)
at org.testng.Assert.assertEquals(Assert.java:585)
at com.qa.test.HomePageTest.checkmrktplctitle(HomePageTest.java:79)
at sun.reflect.NativeMethodAccessorImpl.invoke0(Native Method)
at sun.reflect.NativeMethodAccessorImpl.invoke(NativeMethodAccessorImpl.java:62)
at sun.reflect.DelegatingMethodAccessorImpl.invoke(DelegatingMethodAccessorImpl.java:43)
at java.lang.reflect.Method.invoke(Method.java:497)
at org.testng.internal.MethodInvocationHelper.invokeMethod(MethodInvocationHelper.java:133)
at org.testng.internal.TestInvoker.invokeMethod(TestInvoker.java:584)
at org.testng.internal.TestInvoker.invokeTestMethod(TestInvoker.java:172)
at org.testng.internal.MethodRunner.runInSequence(MethodRunner.java:46)
at org.testng.internal.TestInvoker$MethodInvocationAgent.invoke(TestInvoker.java:804)
at org.testng.internal.TestInvoker.invokeTestMethods(TestInvoker.java:145)
at org.testng.internal.TestMethodWorker.invokeTestMethods(TestMethodWorker.java:146)
at org.testng.internal.TestMethodWorker.run(TestMethodWorker.java:128)
at org.testng.TestRunner$$Lambda$46/23743852.accept(Unknown Source)
at java.util.ArrayList.forEach(ArrayList.java:1249)
at org.testng.TestRunner.privateRun(TestRunner.java:770)
at org.testng.TestRunner.run(TestRunner.java:591)
at org.testng.SuiteRunner.runTest(SuiteRunner.java:402)
at org.testng.SuiteRunner.runSequentially(SuiteRunner.java:396)
at org.testng.SuiteRunner.privateRun(SuiteRunner.java:355)
at org.testng.SuiteRunner.run(SuiteRunner.java:304)
at org.testng.SuiteRunnerWorker.runSuite(SuiteRunnerWorker.java:53)
at org.testng.SuiteRunnerWorker.run(SuiteRunnerWorker.java:96)
at org.testng.TestNG.runSuitesSequentially(TestNG.java:1180)
at org.testng.TestNG.runSuitesLocally(TestNG.java:1102)
at org.testng.TestNG.runSuites(TestNG.java:1032)
at org.testng.TestNG.run(TestNG.java:1000)
at org.apache.maven.surefire.testng.TestNGExecutor.run(TestNGExecutor.java:282)
at org.apache.maven.surefire.testng.TestNGXmlTestSuite.execute(TestNGXmlTestSuite.java:83)
at org.apache.maven.surefire.testng.TestNGProvider.invoke(TestNGProvider.java:114)
at org.apache.maven.surefire.booter.ForkedBooter.invokeProviderInSameClassLoader(ForkedBooter.java:286)
at org.apache.maven.surefire.booter.ForkedBooter.runSuitesInProcess(ForkedBooter.java:240)
at org.apache.maven.surefire.booter.ForkedBooter.main(ForkedBooter.java:121)
]]>
            </full-stacktrace>
          </exception> <!-- java.lang.AssertionError -->
          <reporter-output>
          </reporter-output>
        </test-method> <!-- checkmrktplctitle -->
        <test-method status="PASS" signature="teardown(org.testng.ITestResult)[pri:0, instance:com.qa.test.HomePageTest@ceda24]" name="teardown" is-config="true" duration-ms="554" started-at="2019-11-26T17:12:24 IST" finished-at="2019-11-26T17:12:25 IST">
          <params>
            <param index="0">
              <value>
                <![CDATA[[TestResult name=checkmrktplctitle status=FAILURE method=HomePageTest.checkmrktplctitle()[pri:9, instance:com.qa.test.HomePageTest@ceda24] output={null}]]]>
              </value>
            </param>
          </params>
          <reporter-output>
          </reporter-output>
        </test-method> <!-- teardown -->
      </class> <!-- com.qa.test.HomePageTest -->
      <class name="com.qa.test.PriceruleTest">
        <test-method status="PASS" signature="setup()[pri:0, instance:com.qa.test.PriceruleTest@1021e6c]" name="setup" is-config="true" duration-ms="8541" started-at="2019-11-26T17:15:50 IST" finished-at="2019-11-26T17:15:58 IST">
          <reporter-output>
          </reporter-output>
        </test-method> <!-- setup -->
        <test-method status="FAIL" signature="clickonAddCartRules(java.lang.String, java.lang.String, java.lang.String)[pri:2, instance:com.qa.test.PriceruleTest@1021e6c]" name="clickonAddCartRules" duration-ms="0" started-at="2019-11-26T17:15:58 IST" data-provider="conditions" finished-at="2019-11-26T17:15:58 IST">
          <params>
            <param index="0">
              <value>
                <![CDATA[TC01]]>
              </value>
            </param>
            <param index="1">
              <value>
                <![CDATA[arthymane(arthymane27@gmail.com)]]>
              </value>
            </param>
            <param index="2">
              <value>
                <![CDATA[1000]]>
              </value>
            </param>
          </params>
          <exception class="java.lang.NullPointerException">
            <full-stacktrace>
              <![CDATA[java.lang.NullPointerException
at com.qa.test.PriceruleTest.clickonAddCartRules(PriceruleTest.java:69)
at sun.reflect.NativeMethodAccessorImpl.invoke0(Native Method)
at sun.reflect.NativeMethodAccessorImpl.invoke(NativeMethodAccessorImpl.java:62)
at sun.reflect.DelegatingMethodAccessorImpl.invoke(DelegatingMethodAccessorImpl.java:43)
at java.lang.reflect.Method.invoke(Method.java:497)
at org.testng.internal.MethodInvocationHelper.invokeMethod(MethodInvocationHelper.java:133)
at org.testng.internal.TestInvoker.invokeMethod(TestInvoker.java:584)
at org.testng.internal.TestInvoker.invokeTestMethod(TestInvoker.java:172)
at org.testng.internal.MethodRunner.runInSequence(MethodRunner.java:46)
at org.testng.internal.TestInvoker$MethodInvocationAgent.invoke(TestInvoker.java:804)
at org.testng.internal.TestInvoker.invokeTestMethods(TestInvoker.java:145)
at org.testng.internal.TestMethodWorker.invokeTestMethods(TestMethodWorker.java:146)
at org.testng.internal.TestMethodWorker.run(TestMethodWorker.java:128)
at org.testng.TestRunner$$Lambda$46/23743852.accept(Unknown Source)
at java.util.ArrayList.forEach(ArrayList.java:1249)
at org.testng.TestRunner.privateRun(TestRunner.java:770)
at org.testng.TestRunner.run(TestRunner.java:591)
at org.testng.SuiteRunner.runTest(SuiteRunner.java:402)
at org.testng.SuiteRunner.runSequentially(SuiteRunner.java:396)
at org.testng.SuiteRunner.privateRun(SuiteRunner.java:355)
at org.testng.SuiteRunner.run(SuiteRunner.java:304)
at org.testng.SuiteRunnerWorker.runSuite(SuiteRunnerWorker.java:53)
at org.testng.SuiteRunnerWorker.run(SuiteRunnerWorker.java:96)
at org.testng.TestNG.runSuitesSequentially(TestNG.java:1180)
at org.testng.TestNG.runSuitesLocally(TestNG.java:1102)
at org.testng.TestNG.runSuites(TestNG.java:1032)
at org.testng.TestNG.run(TestNG.java:1000)
at org.apache.maven.surefire.testng.TestNGExecutor.run(TestNGExecutor.java:282)
at org.apache.maven.surefire.testng.TestNGXmlTestSuite.execute(TestNGXmlTestSuite.java:83)
at org.apache.maven.surefire.testng.TestNGProvider.invoke(TestNGProvider.java:114)
at org.apache.maven.surefire.booter.ForkedBooter.invokeProviderInSameClassLoader(ForkedBooter.java:286)
at org.apache.maven.surefire.booter.ForkedBooter.runSuitesInProcess(ForkedBooter.java:240)
at org.apache.maven.surefire.booter.ForkedBooter.main(ForkedBooter.java:121)
]]>
            </full-stacktrace>
          </exception> <!-- java.lang.NullPointerException -->
          <reporter-output>
          </reporter-output>
        </test-method> <!-- clickonAddCartRules -->
        <test-method status="PASS" signature="teardown()[pri:0, instance:com.qa.test.PriceruleTest@1021e6c]" name="teardown" is-config="true" duration-ms="2139" started-at="2019-11-26T17:15:58 IST" finished-at="2019-11-26T17:16:00 IST">
          <reporter-output>
          </reporter-output>
        </test-method> <!-- teardown -->
      </class> <!-- com.qa.test.PriceruleTest -->
    </test> <!-- Test -->
  </suite> <!-- Suite -->
</testng-results>
